[2017-06-23 11:41:42.500] [ERROR] fileLog - { Error: ER_PARSE_ERROR: You have an error in your SQL syntax; check the manual that corresponds to your MySQL server version for the right syntax to use near '-Fri Jun 23 2017 11:41:42 GMT+0800 (中国标准时间) (
    game_abbv varchar(' at line 1
    at Query.Sequence._packetToError (E:\cloud\One-Step\JavaScript\Node\worm\douyu-Tv\node_modules\mysql\lib\protocol\sequences\Sequence.js:52:14)
    at Query.ErrorPacket (E:\cloud\One-Step\JavaScript\Node\worm\douyu-Tv\node_modules\mysql\lib\protocol\sequences\Query.js:77:18)
    at Protocol._parsePacket (E:\cloud\One-Step\JavaScript\Node\worm\douyu-Tv\node_modules\mysql\lib\protocol\Protocol.js:280:23)
    at Parser.write (E:\cloud\One-Step\JavaScript\Node\worm\douyu-Tv\node_modules\mysql\lib\protocol\Parser.js:75:12)
    at Protocol.write (E:\cloud\One-Step\JavaScript\Node\worm\douyu-Tv\node_modules\mysql\lib\protocol\Protocol.js:39:16)
    at Socket.<anonymous> (E:\cloud\One-Step\JavaScript\Node\worm\douyu-Tv\node_modules\mysql\lib\Connection.js:103:28)
    at emitOne (events.js:96:13)
    at Socket.emit (events.js:188:7)
    at readableAddChunk (_stream_readable.js:176:18)
    at Socket.Readable.push (_stream_readable.js:134:10)
    --------------------
    at Protocol._enqueue (E:\cloud\One-Step\JavaScript\Node\worm\douyu-Tv\node_modules\mysql\lib\protocol\Protocol.js:141:48)
    at PoolConnection.query (E:\cloud\One-Step\JavaScript\Node\worm\douyu-Tv\node_modules\mysql\lib\Connection.js:208:25)
    at pool.getConnection (E:\cloud\One-Step\JavaScript\Node\worm\douyu-Tv\src\database\mysql.js:19:9)
    at Handshake.onConnect (E:\cloud\One-Step\JavaScript\Node\worm\douyu-Tv\node_modules\mysql\lib\Pool.js:64:7)
    at Handshake.Sequence.end (E:\cloud\One-Step\JavaScript\Node\worm\douyu-Tv\node_modules\mysql\lib\protocol\sequences\Sequence.js:86:24)
    at Handshake.Sequence.OkPacket (E:\cloud\One-Step\JavaScript\Node\worm\douyu-Tv\node_modules\mysql\lib\protocol\sequences\Sequence.js:95:8)
    at Protocol._parsePacket (E:\cloud\One-Step\JavaScript\Node\worm\douyu-Tv\node_modules\mysql\lib\protocol\Protocol.js:280:23)
    at Parser.write (E:\cloud\One-Step\JavaScript\Node\worm\douyu-Tv\node_modules\mysql\lib\protocol\Parser.js:75:12)
    at Protocol.write (E:\cloud\One-Step\JavaScript\Node\worm\douyu-Tv\node_modules\mysql\lib\protocol\Protocol.js:39:16)
    at Socket.<anonymous> (E:\cloud\One-Step\JavaScript\Node\worm\douyu-Tv\node_modules\mysql\lib\Connection.js:103:28)
  code: 'ER_PARSE_ERROR',
  errno: 1064,
  sqlState: '42000',
  index: 0 }
[2017-06-23 11:42:21.714] [ERROR] fileLog - { Error: ER_PARSE_ERROR: You have an error in your SQL syntax; check the manual that corresponds to your MySQL server version for the right syntax to use near '-1498189341244 (
    game_abbv varchar(100) NOT NULL,
    live_name varchar(100)' at line 1
    at Query.Sequence._packetToError (E:\cloud\One-Step\JavaScript\Node\worm\douyu-Tv\node_modules\mysql\lib\protocol\sequences\Sequence.js:52:14)
    at Query.ErrorPacket (E:\cloud\One-Step\JavaScript\Node\worm\douyu-Tv\node_modules\mysql\lib\protocol\sequences\Query.js:77:18)
    at Protocol._parsePacket (E:\cloud\One-Step\JavaScript\Node\worm\douyu-Tv\node_modules\mysql\lib\protocol\Protocol.js:280:23)
    at Parser.write (E:\cloud\One-Step\JavaScript\Node\worm\douyu-Tv\node_modules\mysql\lib\protocol\Parser.js:75:12)
    at Protocol.write (E:\cloud\One-Step\JavaScript\Node\worm\douyu-Tv\node_modules\mysql\lib\protocol\Protocol.js:39:16)
    at Socket.<anonymous> (E:\cloud\One-Step\JavaScript\Node\worm\douyu-Tv\node_modules\mysql\lib\Connection.js:103:28)
    at emitOne (events.js:96:13)
    at Socket.emit (events.js:188:7)
    at readableAddChunk (_stream_readable.js:176:18)
    at Socket.Readable.push (_stream_readable.js:134:10)
    --------------------
    at Protocol._enqueue (E:\cloud\One-Step\JavaScript\Node\worm\douyu-Tv\node_modules\mysql\lib\protocol\Protocol.js:141:48)
    at PoolConnection.query (E:\cloud\One-Step\JavaScript\Node\worm\douyu-Tv\node_modules\mysql\lib\Connection.js:208:25)
    at pool.getConnection (E:\cloud\One-Step\JavaScript\Node\worm\douyu-Tv\src\database\mysql.js:19:9)
    at Handshake.onConnect (E:\cloud\One-Step\JavaScript\Node\worm\douyu-Tv\node_modules\mysql\lib\Pool.js:64:7)
    at Handshake.Sequence.end (E:\cloud\One-Step\JavaScript\Node\worm\douyu-Tv\node_modules\mysql\lib\protocol\sequences\Sequence.js:86:24)
    at Handshake.Sequence.OkPacket (E:\cloud\One-Step\JavaScript\Node\worm\douyu-Tv\node_modules\mysql\lib\protocol\sequences\Sequence.js:95:8)
    at Protocol._parsePacket (E:\cloud\One-Step\JavaScript\Node\worm\douyu-Tv\node_modules\mysql\lib\protocol\Protocol.js:280:23)
    at Parser.write (E:\cloud\One-Step\JavaScript\Node\worm\douyu-Tv\node_modules\mysql\lib\protocol\Parser.js:75:12)
    at Protocol.write (E:\cloud\One-Step\JavaScript\Node\worm\douyu-Tv\node_modules\mysql\lib\protocol\Protocol.js:39:16)
    at Socket.<anonymous> (E:\cloud\One-Step\JavaScript\Node\worm\douyu-Tv\node_modules\mysql\lib\Connection.js:103:28)
  code: 'ER_PARSE_ERROR',
  errno: 1064,
  sqlState: '42000',
  index: 0 }
[2017-06-23 11:44:04.604] [INFO] fileLog - OkPacket {
  fieldCount: 0,
  affectedRows: 0,
  insertId: 0,
  serverStatus: 2,
  warningCount: 0,
  message: '',
  protocol41: true,
  changedRows: 0 }
[2017-06-23 11:44:04.609] [INFO] fileLog - 创建成功
